<?xml version="1.0" encoding="UTF-8"?>
<testsuites>
  <testsuite name="CodeIgniter Application Test Suite" tests="16" assertions="15" failures="0" errors="0" time="0.192636">
    <testsuite name="Auth_test" file="/var/www/tappyn/application/tests/controllers/Auth_test.php" tests="2" assertions="2" failures="0" errors="0" time="0.088643">
      <testcase name="test_login" class="Auth_test" file="/var/www/tappyn/application/tests/controllers/Auth_test.php" line="12" assertions="1" time="0.052096"/>
      <testcase name="test_session" class="Auth_test" file="/var/www/tappyn/application/tests/controllers/Auth_test.php" line="18" assertions="1" time="0.036547"/>
    </testsuite>
    <testsuite name="Welcome_test" file="/var/www/tappyn/application/tests/controllers/Welcome_test.php" tests="2" assertions="2" failures="0" errors="0" time="0.006176">
      <testcase name="test_method_404" class="Welcome_test" file="/var/www/tappyn/application/tests/controllers/Welcome_test.php" line="13" assertions="1" time="0.005409"/>
      <testcase name="test_APPPATH" class="Welcome_test" file="/var/www/tappyn/application/tests/controllers/Welcome_test.php" line="19" assertions="1" time="0.000767"/>
    </testsuite>
    <testsuite name="Contest_model_test" file="/var/www/tappyn/application/tests/models/Contest_model_test.php" tests="3" assertions="3" failures="0" errors="0" time="0.011356">
      <testcase name="test_count" class="Contest_model_test" file="/var/www/tappyn/application/tests/models/Contest_model_test.php" line="12" assertions="1" time="0.003637"/>
      <testcase name="test_fetch_single" class="Contest_model_test" file="/var/www/tappyn/application/tests/models/Contest_model_test.php" line="18" assertions="1" time="0.003508"/>
      <testcase name="test_fetch_results" class="Contest_model_test" file="/var/www/tappyn/application/tests/models/Contest_model_test.php" line="24" assertions="1" time="0.004211"/>
    </testsuite>
    <testsuite name="Submission_model_test" file="/var/www/tappyn/application/tests/models/Submission_model_test.php" tests="4" assertions="4" failures="0" errors="0" time="0.029370">
      <testcase name="test_count" class="Submission_model_test" file="/var/www/tappyn/application/tests/models/Submission_model_test.php" line="12" assertions="1" time="0.004949"/>
      <testcase name="test_parent" class="Submission_model_test" file="/var/www/tappyn/application/tests/models/Submission_model_test.php" line="19" assertions="1" time="0.004204"/>
      <testcase name="test_get_active" class="Submission_model_test" file="/var/www/tappyn/application/tests/models/Submission_model_test.php" line="25" assertions="1" time="0.006012"/>
      <testcase name="test_query" class="Submission_model_test" file="/var/www/tappyn/application/tests/models/Submission_model_test.php" line="31" assertions="1" time="0.014205"/>
    </testsuite>
    <testsuite name="User_model_test" file="/var/www/tappyn/application/tests/models/User_model_test.php" tests="5" assertions="4" failures="0" errors="0" time="0.057091">
      <testcase name="test_count" class="User_model_test" file="/var/www/tappyn/application/tests/models/User_model_test.php" line="12" assertions="1" time="0.006099"/>
      <testcase name="test_fetch_single" class="User_model_test" file="/var/www/tappyn/application/tests/models/User_model_test.php" line="18" assertions="1" time="0.005789"/>
      <testcase name="test_fetch_results" class="User_model_test" file="/var/www/tappyn/application/tests/models/User_model_test.php" line="25" assertions="1" time="0.014903"/>
      <testcase name="test_profile" class="User_model_test" file="/var/www/tappyn/application/tests/models/User_model_test.php" line="31" assertions="1" time="0.017293"/>
      <testcase name="test_save_profile" class="User_model_test" file="/var/www/tappyn/application/tests/models/User_model_test.php" line="37" assertions="0" time="0.013007"/>
    </testsuite>
  </testsuite>
</testsuites>
